<?xml version="1.0" encoding="UTF-8"?>
<!-- Generated by org.testng.reporters.JUnitReportReporter -->
<testsuite hostname="NI4ka-PC" name="by.academy.TestServer" tests="1" failures="0" timestamp="3 Aug 2015 15:32:46 GMT" time="12.020" errors="0">
  <testcase name="testNothing" time="12.020" classname="by.academy.TestServer"/>
</testsuite> <!-- by.academy.TestServer -->
